c:\users\admin\documents\ptit\hk4\c++\project\projectwallet\projectwallet\x64\debug\vc143.pdb
c:\users\admin\documents\ptit\hk4\c++\project\projectwallet\projectwallet\x64\debug\vc143.idb
c:\users\admin\documents\ptit\hk4\c++\project\projectwallet\projectwallet\x64\debug\windows.obj
c:\users\admin\documents\ptit\hk4\c++\project\projectwallet\projectwallet\x64\debug\text.obj
c:\users\admin\documents\ptit\hk4\c++\project\projectwallet\projectwallet\x64\debug\singleton.obj
c:\users\admin\documents\ptit\hk4\c++\project\projectwallet\projectwallet\x64\debug\sha256.obj
c:\users\admin\documents\ptit\hk4\c++\project\projectwallet\projectwallet\x64\debug\pagingdata.obj
c:\users\admin\documents\ptit\hk4\c++\project\projectwallet\projectwallet\x64\debug\pagesignup.obj
c:\users\admin\documents\ptit\hk4\c++\project\projectwallet\projectwallet\x64\debug\pagesignin.obj
c:\users\admin\documents\ptit\hk4\c++\project\projectwallet\projectwallet\x64\debug\pagecustomer.obj
c:\users\admin\documents\ptit\hk4\c++\project\projectwallet\projectwallet\x64\debug\pageadmin.obj
c:\users\admin\documents\ptit\hk4\c++\project\projectwallet\projectwallet\x64\debug\pagemanageaccount.obj
c:\users\admin\documents\ptit\hk4\c++\project\projectwallet\projectwallet\x64\debug\manageaccount.obj
c:\users\admin\documents\ptit\hk4\c++\project\projectwallet\projectwallet\x64\debug\main.obj
c:\users\admin\documents\ptit\hk4\c++\project\projectwallet\projectwallet\x64\debug\keyboard.obj
c:\users\admin\documents\ptit\hk4\c++\project\projectwallet\projectwallet\x64\debug\inputfield.obj
c:\users\admin\documents\ptit\hk4\c++\project\projectwallet\projectwallet\x64\debug\draw.obj
c:\users\admin\documents\ptit\hk4\c++\project\projectwallet\projectwallet\x64\debug\configapp.obj
c:\users\admin\documents\ptit\hk4\c++\project\projectwallet\projectwallet\x64\debug\color.obj
c:\users\admin\documents\ptit\hk4\c++\project\projectwallet\projectwallet\x64\debug\basepage.obj
c:\users\admin\documents\ptit\hk4\c++\project\projectwallet\projectwallet\x64\debug\accountmodel.obj
c:\users\admin\documents\ptit\hk4\c++\project\projectwallet\projectwallet\x64\debug\pageforgotpassword.obj
c:\users\admin\documents\ptit\hk4\c++\project\projectwallet\projectwallet\x64\debug\pagemanagewallet.obj
c:\users\admin\documents\ptit\hk4\c++\project\projectwallet\x64\debug\projectwallet.exe
c:\users\admin\documents\ptit\hk4\c++\project\projectwallet\x64\debug\projectwallet.pdb
c:\users\admin\documents\ptit\hk4\c++\project\projectwallet\projectwallet\x64\debug\projectwallet.ilk
c:\users\admin\documents\ptit\hk4\c++\project\projectwallet\projectwallet\x64\debug\projectwallet.tlog\cl.command.1.tlog
c:\users\admin\documents\ptit\hk4\c++\project\projectwallet\projectwallet\x64\debug\projectwallet.tlog\cl.items.tlog
c:\users\admin\documents\ptit\hk4\c++\project\projectwallet\projectwallet\x64\debug\projectwallet.tlog\cl.read.1.tlog
c:\users\admin\documents\ptit\hk4\c++\project\projectwallet\projectwallet\x64\debug\projectwallet.tlog\cl.write.1.tlog
c:\users\admin\documents\ptit\hk4\c++\project\projectwallet\projectwallet\x64\debug\projectwallet.tlog\link.command.1.tlog
c:\users\admin\documents\ptit\hk4\c++\project\projectwallet\projectwallet\x64\debug\projectwallet.tlog\link.read.1.tlog
c:\users\admin\documents\ptit\hk4\c++\project\projectwallet\projectwallet\x64\debug\projectwallet.tlog\link.secondary.1.tlog
c:\users\admin\documents\ptit\hk4\c++\project\projectwallet\projectwallet\x64\debug\projectwallet.tlog\link.write.1.tlog
